
  .   ____          _            __ _ _
 /\\ / ___'_ __ _ _(_)_ __  __ _ \ \ \ \
( ( )\___ | '_ | '_| | '_ \/ _` | \ \ \ \
 \\/  ___)| |_)| | | | | || (_| |  ) ) ) )
  '  |____| .__|_| |_|_| |_\__, | / / / /
 =========|_|==============|___/=/_/_/_/
 :: Spring Boot ::        (v2.2.4.RELEASE)

2020-06-12 06:00:46.873  INFO 7 --- [           main] c.a.n.c.c.impl.LocalConfigInfoProcessor  : LOCAL_SNAPSHOT_PATH:/root/nacos/config
2020-06-12 06:00:47.686  INFO 7 --- [           main] c.a.nacos.client.config.impl.Limiter     : limitTime:5.0
2020-06-12 06:00:48.120  WARN 7 --- [           main] c.a.c.n.c.NacosPropertySourceBuilder     : Ignore the empty nacos configuration and get it based on dataId[bid-clear-user] & group[DEFAULT_GROUP]
2020-06-12 06:00:48.183  WARN 7 --- [           main] c.a.c.n.c.NacosPropertySourceBuilder     : Ignore the empty nacos configuration and get it based on dataId[bid-clear-user.properties] & group[DEFAULT_GROUP]
2020-06-12 06:00:48.233  WARN 7 --- [           main] c.a.c.n.c.NacosPropertySourceBuilder     : Ignore the empty nacos configuration and get it based on dataId[bid-clear-user-test.properties] & group[DEFAULT_GROUP]
2020-06-12 06:00:48.252  INFO 7 --- [           main] b.c.PropertySourceBootstrapConfiguration : Located property source: [BootstrapPropertySource {name='bootstrapProperties-bid-clear-user-test.properties,DEFAULT_GROUP'}, BootstrapPropertySource {name='bootstrapProperties-bid-clear-user.properties,DEFAULT_GROUP'}, BootstrapPropertySource {name='bootstrapProperties-bid-clear-user,DEFAULT_GROUP'}]
2020-06-12 06:00:48.442  INFO 7 --- [           main] c.c.t.b.UserServiceApplication           : The following profiles are active: test
2020-06-12 06:01:04.756  INFO 7 --- [           main] .s.d.r.c.RepositoryConfigurationDelegate : Multiple Spring Data modules found, entering strict repository configuration mode!
2020-06-12 06:01:04.837  INFO 7 --- [           main] .s.d.r.c.RepositoryConfigurationDelegate : Bootstrapping Spring Data Redis repositories in DEFAULT mode.
2020-06-12 06:01:05.529  INFO 7 --- [           main] .s.d.r.c.RepositoryConfigurationDelegate : Finished Spring Data repository scanning in 414ms. Found 0 Redis repository interfaces.
2020-06-12 06:01:12.404  INFO 7 --- [           main] o.s.cloud.context.scope.GenericScope     : BeanFactory id=ce4b524e-b9e3-3c52-be7f-5d8e2227e910
2020-06-12 06:01:15.507  INFO 7 --- [           main] trationDelegate$BeanPostProcessorChecker : Bean 'cn.com.trade365.biddingclearing.api.MessageClientService' of type [org.springframework.cloud.openfeign.FeignClientFactoryBean] is not eligible for getting processed by all BeanPostProcessors (for example: not eligible for auto-proxying)
2020-06-12 06:01:18.622  INFO 7 --- [           main] trationDelegate$BeanPostProcessorChecker : Bean 'org.springframework.transaction.annotation.ProxyTransactionManagementConfiguration' of type [org.springframework.transaction.annotation.ProxyTransactionManagementConfiguration] is not eligible for getting processed by all BeanPostProcessors (for example: not eligible for auto-proxying)
2020-06-12 06:01:33.023  INFO 7 --- [           main] o.s.b.w.embedded.tomcat.TomcatWebServer  : Tomcat initialized with port(s): 9962 (http)
2020-06-12 06:01:33.090  INFO 7 --- [           main] o.apache.catalina.core.StandardService   : Starting service [Tomcat]
2020-06-12 06:01:33.102  INFO 7 --- [           main] org.apache.catalina.core.StandardEngine  : Starting Servlet engine: [Apache Tomcat/9.0.30]
2020-06-12 06:01:33.456  INFO 7 --- [           main] o.a.c.c.C.[Tomcat].[localhost].[/]       : Initializing Spring embedded WebApplicationContext
2020-06-12 06:01:33.457  INFO 7 --- [           main] o.s.web.context.ContextLoader            : Root WebApplicationContext: initialization completed in 44372 ms
2020-06-12 06:01:34.828  INFO 7 --- [           main] c.a.d.s.b.a.DruidDataSourceAutoConfigure : Init DruidDataSource
2020-06-12 06:01:38.284  INFO 7 --- [           main] com.alibaba.druid.pool.DruidDataSource   : {dataSource-1} inited
 _ _   |_  _ _|_. ___ _ |    _ 
| | |\/|_)(_| | |_\  |_)||_|_\ 
     /               |         
                        3.1.2 
2020-06-12 06:02:03.999  INFO 7 --- [           main] c.c.t.biddingclearing.util.SpringUtil    : sprigUtil init success
2020-06-12 06:02:04.169  WARN 7 --- [           main] c.n.c.sources.URLConfigurationSource     : No URLs will be polled as dynamic configuration sources.
2020-06-12 06:02:04.171  INFO 7 --- [           main] c.n.c.sources.URLConfigurationSource     : To enable URLs as dynamic configuration sources, define System property archaius.configurationSource.additionalUrls or make config.properties available on classpath.
2020-06-12 06:02:04.183  WARN 7 --- [           main] c.n.c.sources.URLConfigurationSource     : No URLs will be polled as dynamic configuration sources.
2020-06-12 06:02:04.184  INFO 7 --- [           main] c.n.c.sources.URLConfigurationSource     : To enable URLs as dynamic configuration sources, define System property archaius.configurationSource.additionalUrls or make config.properties available on classpath.
2020-06-12 06:02:05.871  INFO 7 --- [           main] o.s.s.concurrent.ThreadPoolTaskExecutor  : Initializing ExecutorService 'applicationTaskExecutor'
2020-06-12 06:02:07.758  INFO 7 --- [           main] o.s.s.c.ThreadPoolTaskScheduler          : Initializing ExecutorService 'Nacso-Watch-Task-Scheduler'
2020-06-12 06:02:07.776  INFO 7 --- [           main] com.alibaba.nacos.client.naming          : initializer namespace from System Property :null
2020-06-12 06:02:07.777  INFO 7 --- [           main] com.alibaba.nacos.client.naming          : initializer namespace from System Environment :null
2020-06-12 06:02:07.779  INFO 7 --- [           main] com.alibaba.nacos.client.naming          : initializer namespace from System Property :null
2020-06-12 06:02:12.519  INFO 7 --- [           main] o.s.b.w.embedded.tomcat.TomcatWebServer  : Tomcat started on port(s): 9962 (http) with context path ''
2020-06-12 06:02:12.539  INFO 7 --- [           main] com.alibaba.nacos.client.naming          : [BEAT] adding beat: {"cluster":"DEFAULT","ip":"172.22.0.4","metadata":{"preserved.register.source":"SPRING_CLOUD"},"period":5000,"port":9962,"scheduled":false,"serviceName":"DEFAULT_GROUP@@bid-clear-user","stopped":false,"weight":1.0} to beat map.
2020-06-12 06:02:13.261  INFO 7 --- [           main] com.alibaba.nacos.client.naming          : [REGISTER-SERVICE] public registering service DEFAULT_GROUP@@bid-clear-user with instance: {"clusterName":"DEFAULT","enabled":true,"ephemeral":true,"healthy":true,"instanceHeartBeatInterval":5000,"instanceHeartBeatTimeOut":15000,"ip":"172.22.0.4","ipDeleteTimeout":30000,"metadata":{"preserved.register.source":"SPRING_CLOUD"},"port":9962,"weight":1.0}
2020-06-12 06:02:13.346  INFO 7 --- [           main] c.a.c.n.registry.NacosServiceRegistry    : nacos registry, DEFAULT_GROUP bid-clear-user 172.22.0.4:9962 register finished
2020-06-12 06:02:13.352  INFO 7 --- [           main] c.c.t.b.UserServiceApplication           : Started UserServiceApplication in 103.302 seconds (JVM running for 111.962)
2020-06-12 06:02:13.362  INFO 7 --- [           main] c.a.n.client.config.impl.ClientWorker    : [fixed-nacos_8848] [subscribe] bid-clear-user-test.properties+DEFAULT_GROUP
2020-06-12 06:02:13.363  INFO 7 --- [           main] c.a.nacos.client.config.impl.CacheData   : [fixed-nacos_8848] [add-listener] ok, tenant=, dataId=bid-clear-user-test.properties, group=DEFAULT_GROUP, cnt=1
2020-06-12 06:02:13.365  INFO 7 --- [           main] c.a.n.client.config.impl.ClientWorker    : [fixed-nacos_8848] [subscribe] bid-clear-user+DEFAULT_GROUP
2020-06-12 06:02:13.366  INFO 7 --- [           main] c.a.nacos.client.config.impl.CacheData   : [fixed-nacos_8848] [add-listener] ok, tenant=, dataId=bid-clear-user, group=DEFAULT_GROUP, cnt=1
2020-06-12 06:02:13.367  INFO 7 --- [           main] c.a.n.client.config.impl.ClientWorker    : [fixed-nacos_8848] [subscribe] bid-clear-user.properties+DEFAULT_GROUP
2020-06-12 06:02:13.369  INFO 7 --- [           main] c.a.nacos.client.config.impl.CacheData   : [fixed-nacos_8848] [add-listener] ok, tenant=, dataId=bid-clear-user.properties, group=DEFAULT_GROUP, cnt=1
