
  .   ____          _            __ _ _
 /\\ / ___'_ __ _ _(_)_ __  __ _ \ \ \ \
( ( )\___ | '_ | '_| | '_ \/ _` | \ \ \ \
 \\/  ___)| |_)| | | | | || (_| |  ) ) ) )
  '  |____| .__|_| |_|_| |_\__, | / / / /
 =========|_|==============|___/=/_/_/_/
 :: Spring Boot ::        (v2.2.4.RELEASE)

2020-06-12 06:00:42.610  INFO 8 --- [           main] c.a.n.c.c.impl.LocalConfigInfoProcessor  : LOCAL_SNAPSHOT_PATH:/root/nacos/config
2020-06-12 06:00:43.109  INFO 8 --- [           main] c.a.nacos.client.config.impl.Limiter     : limitTime:5.0
2020-06-12 06:00:43.754  WARN 8 --- [           main] c.a.c.n.c.NacosPropertySourceBuilder     : Ignore the empty nacos configuration and get it based on dataId[bid-clear-biddingclearing] & group[DEFAULT_GROUP]
2020-06-12 06:00:43.789  WARN 8 --- [           main] c.a.c.n.c.NacosPropertySourceBuilder     : Ignore the empty nacos configuration and get it based on dataId[bid-clear-biddingclearing.properties] & group[DEFAULT_GROUP]
2020-06-12 06:00:43.835  WARN 8 --- [           main] c.a.c.n.c.NacosPropertySourceBuilder     : Ignore the empty nacos configuration and get it based on dataId[bid-clear-biddingclearing-test.properties] & group[DEFAULT_GROUP]
2020-06-12 06:00:43.852  INFO 8 --- [           main] b.c.PropertySourceBootstrapConfiguration : Located property source: [BootstrapPropertySource {name='bootstrapProperties-bid-clear-biddingclearing-test.properties,DEFAULT_GROUP'}, BootstrapPropertySource {name='bootstrapProperties-bid-clear-biddingclearing.properties,DEFAULT_GROUP'}, BootstrapPropertySource {name='bootstrapProperties-bid-clear-biddingclearing,DEFAULT_GROUP'}]
2020-06-12 06:00:43.976  INFO 8 --- [           main] .c.t.b.BiddingClearingServiceApplication : The following profiles are active: test
2020-06-12 06:01:04.907  WARN 8 --- [           main] o.m.s.mapper.ClassPathMapperScanner      : Skipping MapperFactoryBean with name 'analysisConfigAccordDao' and 'cn.com.trade365.biddingclearing.dao.AnalysisConfigAccordDao' mapperInterface. Bean already defined with the same name!
2020-06-12 06:01:04.909  WARN 8 --- [           main] o.m.s.mapper.ClassPathMapperScanner      : Skipping MapperFactoryBean with name 'analysisSummaryAccordDao' and 'cn.com.trade365.biddingclearing.dao.AnalysisSummaryAccordDao' mapperInterface. Bean already defined with the same name!
2020-06-12 06:01:04.909  WARN 8 --- [           main] o.m.s.mapper.ClassPathMapperScanner      : Skipping MapperFactoryBean with name 'baseFeestaxDao' and 'cn.com.trade365.biddingclearing.dao.BaseFeestaxDao' mapperInterface. Bean already defined with the same name!
2020-06-12 06:01:04.910  WARN 8 --- [           main] o.m.s.mapper.ClassPathMapperScanner      : Skipping MapperFactoryBean with name 'baseMaterialPrimeCostsDao' and 'cn.com.trade365.biddingclearing.dao.BaseMaterialPrimeCostsDao' mapperInterface. Bean already defined with the same name!
2020-06-12 06:01:04.938  WARN 8 --- [           main] o.m.s.mapper.ClassPathMapperScanner      : Skipping MapperFactoryBean with name 'baseUnitWorksSummaryDao' and 'cn.com.trade365.biddingclearing.dao.BaseUnitWorksSummaryDao' mapperInterface. Bean already defined with the same name!
2020-06-12 06:01:04.940  WARN 8 --- [           main] o.m.s.mapper.ClassPathMapperScanner      : Skipping MapperFactoryBean with name 'analysisConfigDao' and 'cn.com.trade365.biddingclearing.dao.AnalysisConfigDao' mapperInterface. Bean already defined with the same name!
2020-06-12 06:01:04.940  WARN 8 --- [           main] o.m.s.mapper.ClassPathMapperScanner      : Skipping MapperFactoryBean with name 'analysisSummaryRationalityDao' and 'cn.com.trade365.biddingclearing.dao.AnalysisSummaryRationalityDao' mapperInterface. Bean already defined with the same name!
2020-06-12 06:01:04.941  WARN 8 --- [           main] o.m.s.mapper.ClassPathMapperScanner      : Skipping MapperFactoryBean with name 'baseLabourMaterialsEquipmentsSummaryDao' and 'cn.com.trade365.biddingclearing.dao.BaseLabourMaterialsEquipmentsSummaryDao' mapperInterface. Bean already defined with the same name!
2020-06-12 06:01:04.942  WARN 8 --- [           main] o.m.s.mapper.ClassPathMapperScanner      : Skipping MapperFactoryBean with name 'baseNormPriceAnalysisDao' and 'cn.com.trade365.biddingclearing.dao.BaseNormPriceAnalysisDao' mapperInterface. Bean already defined with the same name!
2020-06-12 06:01:04.943  WARN 8 --- [           main] o.m.s.mapper.ClassPathMapperScanner      : Skipping MapperFactoryBean with name 'bidSectionDao' and 'cn.com.trade365.biddingclearing.dao.BidSectionDao' mapperInterface. Bean already defined with the same name!
2020-06-12 06:01:04.943  WARN 8 --- [           main] o.m.s.mapper.ClassPathMapperScanner      : Skipping MapperFactoryBean with name 'analysisConfigRationalityBidderDao' and 'cn.com.trade365.biddingclearing.dao.AnalysisConfigRationalityBidderDao' mapperInterface. Bean already defined with the same name!
2020-06-12 06:01:04.944  WARN 8 --- [           main] o.m.s.mapper.ClassPathMapperScanner      : Skipping MapperFactoryBean with name 'baseBidderInfoDao' and 'cn.com.trade365.biddingclearing.dao.BaseBidderInfoDao' mapperInterface. Bean already defined with the same name!
2020-06-12 06:01:04.944  WARN 8 --- [           main] o.m.s.mapper.ClassPathMapperScanner      : Skipping MapperFactoryBean with name 'baseListPriceAnalysisDao' and 'cn.com.trade365.biddingclearing.dao.BaseListPriceAnalysisDao' mapperInterface. Bean already defined with the same name!
2020-06-12 06:01:04.981  WARN 8 --- [           main] o.m.s.mapper.ClassPathMapperScanner      : Skipping MapperFactoryBean with name 'baseProvisionalCostsDao' and 'cn.com.trade365.biddingclearing.dao.BaseProvisionalCostsDao' mapperInterface. Bean already defined with the same name!
2020-06-12 06:01:04.982  WARN 8 --- [           main] o.m.s.mapper.ClassPathMapperScanner      : Skipping MapperFactoryBean with name 'organizationDao' and 'cn.com.trade365.biddingclearing.dao.OrganizationDao' mapperInterface. Bean already defined with the same name!
2020-06-12 06:01:04.983  WARN 8 --- [           main] o.m.s.mapper.ClassPathMapperScanner      : Skipping MapperFactoryBean with name 'analysisConfigRationalityDao' and 'cn.com.trade365.biddingclearing.dao.AnalysisConfigRationalityDao' mapperInterface. Bean already defined with the same name!
2020-06-12 06:01:04.984  WARN 8 --- [           main] o.m.s.mapper.ClassPathMapperScanner      : Skipping MapperFactoryBean with name 'baseClaimsCertificationCostsDao' and 'cn.com.trade365.biddingclearing.dao.BaseClaimsCertificationCostsDao' mapperInterface. Bean already defined with the same name!
2020-06-12 06:01:04.985  WARN 8 --- [           main] o.m.s.mapper.ClassPathMapperScanner      : Skipping MapperFactoryBean with name 'baseListProjectsDao' and 'cn.com.trade365.biddingclearing.dao.BaseListProjectsDao' mapperInterface. Bean already defined with the same name!
2020-06-12 06:01:04.985  WARN 8 --- [           main] o.m.s.mapper.ClassPathMapperScanner      : Skipping MapperFactoryBean with name 'baseSectionalWorksDao' and 'cn.com.trade365.biddingclearing.dao.BaseSectionalWorksDao' mapperInterface. Bean already defined with the same name!
2020-06-12 06:01:04.986  WARN 8 --- [           main] o.m.s.mapper.ClassPathMapperScanner      : Skipping MapperFactoryBean with name 'systemInfoDao' and 'cn.com.trade365.biddingclearing.dao.SystemInfoDao' mapperInterface. Bean already defined with the same name!
2020-06-12 06:01:05.057  WARN 8 --- [           main] o.m.s.mapper.ClassPathMapperScanner      : Skipping MapperFactoryBean with name 'analysisConfigReportDao' and 'cn.com.trade365.biddingclearing.dao.AnalysisConfigReportDao' mapperInterface. Bean already defined with the same name!
2020-06-12 06:01:05.058  WARN 8 --- [           main] o.m.s.mapper.ClassPathMapperScanner      : Skipping MapperFactoryBean with name 'baseConstructionProjectDao' and 'cn.com.trade365.biddingclearing.dao.BaseConstructionProjectDao' mapperInterface. Bean already defined with the same name!
2020-06-12 06:01:05.058  WARN 8 --- [           main] o.m.s.mapper.ClassPathMapperScanner      : Skipping MapperFactoryBean with name 'baseLumpLabourMaterialsEquipmentsContentDao' and 'cn.com.trade365.biddingclearing.dao.BaseLumpLabourMaterialsEquipmentsContentDao' mapperInterface. Bean already defined with the same name!
2020-06-12 06:01:05.059  WARN 8 --- [           main] o.m.s.mapper.ClassPathMapperScanner      : Skipping MapperFactoryBean with name 'baseServiceCostsDao' and 'cn.com.trade365.biddingclearing.dao.BaseServiceCostsDao' mapperInterface. Bean already defined with the same name!
2020-06-12 06:01:05.060  WARN 8 --- [           main] o.m.s.mapper.ClassPathMapperScanner      : Skipping MapperFactoryBean with name 'tempItemDao' and 'cn.com.trade365.biddingclearing.dao.TempItemDao' mapperInterface. Bean already defined with the same name!
2020-06-12 06:01:05.061  WARN 8 --- [           main] o.m.s.mapper.ClassPathMapperScanner      : Skipping MapperFactoryBean with name 'analysisItemAccordDao' and 'cn.com.trade365.biddingclearing.dao.AnalysisItemAccordDao' mapperInterface. Bean already defined with the same name!
2020-06-12 06:01:05.061  WARN 8 --- [           main] o.m.s.mapper.ClassPathMapperScanner      : Skipping MapperFactoryBean with name 'baseContractorMaterialsDao' and 'cn.com.trade365.biddingclearing.dao.BaseContractorMaterialsDao' mapperInterface. Bean already defined with the same name!
2020-06-12 06:01:05.062  WARN 8 --- [           main] o.m.s.mapper.ClassPathMapperScanner      : Skipping MapperFactoryBean with name 'baseLumpListPriceAnalysisDao' and 'cn.com.trade365.biddingclearing.dao.BaseLumpListPriceAnalysisDao' mapperInterface. Bean already defined with the same name!
2020-06-12 06:01:05.062  WARN 8 --- [           main] o.m.s.mapper.ClassPathMapperScanner      : Skipping MapperFactoryBean with name 'baseSpecialtyPrimeCostsDao' and 'cn.com.trade365.biddingclearing.dao.BaseSpecialtyPrimeCostsDao' mapperInterface. Bean already defined with the same name!
2020-06-12 06:01:05.063  WARN 8 --- [           main] o.m.s.mapper.ClassPathMapperScanner      : Skipping MapperFactoryBean with name 'tempListDao' and 'cn.com.trade365.biddingclearing.dao.TempListDao' mapperInterface. Bean already defined with the same name!
2020-06-12 06:01:05.121  WARN 8 --- [           main] o.m.s.mapper.ClassPathMapperScanner      : Skipping MapperFactoryBean with name 'analysisItemCalculationDao' and 'cn.com.trade365.biddingclearing.dao.AnalysisItemCalculationDao' mapperInterface. Bean already defined with the same name!
2020-06-12 06:01:05.122  WARN 8 --- [           main] o.m.s.mapper.ClassPathMapperScanner      : Skipping MapperFactoryBean with name 'baseDayWorksDao' and 'cn.com.trade365.biddingclearing.dao.BaseDayWorksDao' mapperInterface. Bean already defined with the same name!
2020-06-12 06:01:05.122  WARN 8 --- [           main] o.m.s.mapper.ClassPathMapperScanner      : Skipping MapperFactoryBean with name 'baseLumpListProjectsDao' and 'cn.com.trade365.biddingclearing.dao.BaseLumpListProjectsDao' mapperInterface. Bean already defined with the same name!
2020-06-12 06:01:05.123  WARN 8 --- [           main] o.m.s.mapper.ClassPathMapperScanner      : Skipping MapperFactoryBean with name 'baseSundryCostsDao' and 'cn.com.trade365.biddingclearing.dao.BaseSundryCostsDao' mapperInterface. Bean already defined with the same name!
2020-06-12 06:01:05.124  WARN 8 --- [           main] o.m.s.mapper.ClassPathMapperScanner      : Skipping MapperFactoryBean with name 'tempMetaDao' and 'cn.com.trade365.biddingclearing.dao.TempMetaDao' mapperInterface. Bean already defined with the same name!
2020-06-12 06:01:05.124  WARN 8 --- [           main] o.m.s.mapper.ClassPathMapperScanner      : Skipping MapperFactoryBean with name 'analysisItemRationalityDao' and 'cn.com.trade365.biddingclearing.dao.AnalysisItemRationalityDao' mapperInterface. Bean already defined with the same name!
2020-06-12 06:01:05.125  WARN 8 --- [           main] o.m.s.mapper.ClassPathMapperScanner      : Skipping MapperFactoryBean with name 'baseDayWorksGroupDao' and 'cn.com.trade365.biddingclearing.dao.BaseDayWorksGroupDao' mapperInterface. Bean already defined with the same name!
2020-06-12 06:01:05.125  WARN 8 --- [           main] o.m.s.mapper.ClassPathMapperScanner      : Skipping MapperFactoryBean with name 'baseLumpNormDao' and 'cn.com.trade365.biddingclearing.dao.BaseLumpNormDao' mapperInterface. Bean already defined with the same name!
2020-06-12 06:01:05.170  WARN 8 --- [           main] o.m.s.mapper.ClassPathMapperScanner      : Skipping MapperFactoryBean with name 'baseSystemInfoDao' and 'cn.com.trade365.biddingclearing.dao.BaseSystemInfoDao' mapperInterface. Bean already defined with the same name!
2020-06-12 06:01:05.171  WARN 8 --- [           main] o.m.s.mapper.ClassPathMapperScanner      : Skipping MapperFactoryBean with name 'analysisListAccordDao' and 'cn.com.trade365.biddingclearing.dao.AnalysisListAccordDao' mapperInterface. Bean already defined with the same name!
2020-06-12 06:01:05.172  WARN 8 --- [           main] o.m.s.mapper.ClassPathMapperScanner      : Skipping MapperFactoryBean with name 'baseDayWorksItemDao' and 'cn.com.trade365.biddingclearing.dao.BaseDayWorksItemDao' mapperInterface. Bean already defined with the same name!
2020-06-12 06:01:05.173  WARN 8 --- [           main] o.m.s.mapper.ClassPathMapperScanner      : Skipping MapperFactoryBean with name 'baseLumpNormPriceAnalysisDao' and 'cn.com.trade365.biddingclearing.dao.BaseLumpNormPriceAnalysisDao' mapperInterface. Bean already defined with the same name!
2020-06-12 06:01:05.173  WARN 8 --- [           main] o.m.s.mapper.ClassPathMapperScanner      : Skipping MapperFactoryBean with name 'baseTenderInfoDao' and 'cn.com.trade365.biddingclearing.dao.BaseTenderInfoDao' mapperInterface. Bean already defined with the same name!
2020-06-12 06:01:05.174  WARN 8 --- [           main] o.m.s.mapper.ClassPathMapperScanner      : Skipping MapperFactoryBean with name 'analysisListCalculationDao' and 'cn.com.trade365.biddingclearing.dao.AnalysisListCalculationDao' mapperInterface. Bean already defined with the same name!
2020-06-12 06:01:05.215  WARN 8 --- [           main] o.m.s.mapper.ClassPathMapperScanner      : Skipping MapperFactoryBean with name 'baseDivisionalWorksDao' and 'cn.com.trade365.biddingclearing.dao.BaseDivisionalWorksDao' mapperInterface. Bean already defined with the same name!
2020-06-12 06:01:05.215  WARN 8 --- [           main] o.m.s.mapper.ClassPathMapperScanner      : Skipping MapperFactoryBean with name 'baseLumpPreliminariesDao' and 'cn.com.trade365.biddingclearing.dao.BaseLumpPreliminariesDao' mapperInterface. Bean already defined with the same name!
2020-06-12 06:01:05.216  WARN 8 --- [           main] o.m.s.mapper.ClassPathMapperScanner      : Skipping MapperFactoryBean with name 'baseTenderLimitInfoDao' and 'cn.com.trade365.biddingclearing.dao.BaseTenderLimitInfoDao' mapperInterface. Bean already defined with the same name!
2020-06-12 06:01:05.217  WARN 8 --- [           main] o.m.s.mapper.ClassPathMapperScanner      : Skipping MapperFactoryBean with name 'analysisBiddingStartStatusDao' and 'cn.com.trade365.biddingclearing.dao.AnalysisBiddingStartStatusDao' mapperInterface. Bean already defined with the same name!
2020-06-12 06:01:05.217  WARN 8 --- [           main] o.m.s.mapper.ClassPathMapperScanner      : Skipping MapperFactoryBean with name 'analysisListRationalityDao' and 'cn.com.trade365.biddingclearing.dao.AnalysisListRationalityDao' mapperInterface. Bean already defined with the same name!
2020-06-12 06:01:05.243  WARN 8 --- [           main] o.m.s.mapper.ClassPathMapperScanner      : Skipping MapperFactoryBean with name 'baseEmployerMaterialsDao' and 'cn.com.trade365.biddingclearing.dao.BaseEmployerMaterialsDao' mapperInterface. Bean already defined with the same name!
2020-06-12 06:01:05.244  WARN 8 --- [           main] o.m.s.mapper.ClassPathMapperScanner      : Skipping MapperFactoryBean with name 'baseLumpPreliminariesItemDao' and 'cn.com.trade365.biddingclearing.dao.BaseLumpPreliminariesItemDao' mapperInterface. Bean already defined with the same name!
2020-06-12 06:01:05.245  WARN 8 --- [           main] o.m.s.mapper.ClassPathMapperScanner      : Skipping MapperFactoryBean with name 'baseUnitWorksDao' and 'cn.com.trade365.biddingclearing.dao.BaseUnitWorksDao' mapperInterface. Bean already defined with the same name!
2020-06-12 06:01:05.246  WARN 8 --- [           main] o.m.s.mapper.ClassPathMapperScanner      : Skipping MapperFactoryBean with name 'analysisConfigCalculationDao' and 'cn.com.trade365.biddingclearing.dao.AnalysisConfigCalculationDao' mapperInterface. Bean already defined with the same name!
2020-06-12 06:01:05.247  WARN 8 --- [           main] o.m.s.mapper.ClassPathMapperScanner      : Skipping MapperFactoryBean with name 'analysisSummaryCalculationDao' and 'cn.com.trade365.biddingclearing.dao.AnalysisSummaryCalculationDao' mapperInterface. Bean already defined with the same name!
2020-06-12 06:01:05.247  WARN 8 --- [           main] o.m.s.mapper.ClassPathMapperScanner      : Skipping MapperFactoryBean with name 'baseLabourMaterialsEquipmentsContentDao' and 'cn.com.trade365.biddingclearing.dao.BaseLabourMaterialsEquipmentsContentDao' mapperInterface. Bean already defined with the same name!
2020-06-12 06:01:05.298  WARN 8 --- [           main] o.m.s.mapper.ClassPathMapperScanner      : Skipping MapperFactoryBean with name 'baseNormDao' and 'cn.com.trade365.biddingclearing.dao.BaseNormDao' mapperInterface. Bean already defined with the same name!
2020-06-12 06:01:05.299  WARN 8 --- [           main] o.m.s.mapper.ClassPathMapperScanner      : Skipping MapperFactoryBean with name 'bidderInfoDao' and 'cn.com.trade365.biddingclearing.dao.BidderInfoDao' mapperInterface. Bean already defined with the same name!
2020-06-12 06:01:05.309  WARN 8 --- [           main] o.m.s.mapper.ClassPathMapperScanner      : No MyBatis mapper was found in '[cn.com.trade365.biddingclearing.dao]' package. Please check your configuration.
2020-06-12 06:01:11.891  INFO 8 --- [           main] .s.d.r.c.RepositoryConfigurationDelegate : Multiple Spring Data modules found, entering strict repository configuration mode!
2020-06-12 06:01:11.940  INFO 8 --- [           main] .s.d.r.c.RepositoryConfigurationDelegate : Bootstrapping Spring Data Redis repositories in DEFAULT mode.
2020-06-12 06:01:13.280  INFO 8 --- [           main] .s.d.r.c.RepositoryConfigurationDelegate : Finished Spring Data repository scanning in 957ms. Found 0 Redis repository interfaces.
2020-06-12 06:01:19.168  INFO 8 --- [           main] o.s.cloud.context.scope.GenericScope     : BeanFactory id=39ad362f-feda-3f92-b430-b3383e2b93aa
2020-06-12 06:01:25.553  INFO 8 --- [           main] trationDelegate$BeanPostProcessorChecker : Bean 'cn.com.trade365.biddingclearing.api.FileClientService' of type [org.springframework.cloud.openfeign.FeignClientFactoryBean] is not eligible for getting processed by all BeanPostProcessors (for example: not eligible for auto-proxying)
2020-06-12 06:01:27.631  INFO 8 --- [           main] trationDelegate$BeanPostProcessorChecker : Bean 'org.springframework.transaction.annotation.ProxyTransactionManagementConfiguration' of type [org.springframework.transaction.annotation.ProxyTransactionManagementConfiguration] is not eligible for getting processed by all BeanPostProcessors (for example: not eligible for auto-proxying)
2020-06-12 06:01:36.032  INFO 8 --- [           main] o.s.b.w.embedded.tomcat.TomcatWebServer  : Tomcat initialized with port(s): 9966 (http)
2020-06-12 06:01:36.126  INFO 8 --- [           main] o.apache.catalina.core.StandardService   : Starting service [Tomcat]
2020-06-12 06:01:36.127  INFO 8 --- [           main] org.apache.catalina.core.StandardEngine  : Starting Servlet engine: [Apache Tomcat/9.0.30]
2020-06-12 06:01:36.971  INFO 8 --- [           main] o.a.c.c.C.[Tomcat].[localhost].[/]       : Initializing Spring embedded WebApplicationContext
2020-06-12 06:01:36.973  INFO 8 --- [           main] o.s.web.context.ContextLoader            : Root WebApplicationContext: initialization completed in 51826 ms
2020-06-12 06:01:38.676  INFO 8 --- [           main] c.a.d.s.b.a.DruidDataSourceAutoConfigure : Init DruidDataSource
2020-06-12 06:01:42.112  INFO 8 --- [           main] com.alibaba.druid.pool.DruidDataSource   : {dataSource-1} inited
 _ _   |_  _ _|_. ___ _ |    _ 
| | |\/|_)(_| | |_\  |_)||_|_\ 
     /               |         
                        3.1.2 
2020-06-12 06:02:17.153  INFO 8 --- [           main] c.c.t.biddingclearing.util.SpringUtil    : sprigUtil init success
2020-06-12 06:02:17.619  WARN 8 --- [           main] c.n.c.sources.URLConfigurationSource     : No URLs will be polled as dynamic configuration sources.
2020-06-12 06:02:17.619  INFO 8 --- [           main] c.n.c.sources.URLConfigurationSource     : To enable URLs as dynamic configuration sources, define System property archaius.configurationSource.additionalUrls or make config.properties available on classpath.
2020-06-12 06:02:17.628  WARN 8 --- [           main] c.n.c.sources.URLConfigurationSource     : No URLs will be polled as dynamic configuration sources.
2020-06-12 06:02:17.629  INFO 8 --- [           main] c.n.c.sources.URLConfigurationSource     : To enable URLs as dynamic configuration sources, define System property archaius.configurationSource.additionalUrls or make config.properties available on classpath.
2020-06-12 06:02:17.940  INFO 8 --- [           main] o.s.s.concurrent.ThreadPoolTaskExecutor  : Initializing ExecutorService 'applicationTaskExecutor'
2020-06-12 06:02:18.309  INFO 8 --- [           main] o.s.s.c.ThreadPoolTaskScheduler          : Initializing ExecutorService 'Nacso-Watch-Task-Scheduler'
2020-06-12 06:02:18.318  INFO 8 --- [           main] com.alibaba.nacos.client.naming          : initializer namespace from System Property :null
2020-06-12 06:02:18.319  INFO 8 --- [           main] com.alibaba.nacos.client.naming          : initializer namespace from System Environment :null
2020-06-12 06:02:18.320  INFO 8 --- [           main] com.alibaba.nacos.client.naming          : initializer namespace from System Property :null
2020-06-12 06:02:19.045  INFO 8 --- [           main] o.s.b.w.embedded.tomcat.TomcatWebServer  : Tomcat started on port(s): 9966 (http) with context path ''
2020-06-12 06:02:19.048  INFO 8 --- [           main] com.alibaba.nacos.client.naming          : [BEAT] adding beat: {"cluster":"DEFAULT","ip":"172.22.0.4","metadata":{"preserved.register.source":"SPRING_CLOUD"},"period":5000,"port":9966,"scheduled":false,"serviceName":"DEFAULT_GROUP@@bid-clear-biddingclearing","stopped":false,"weight":1.0} to beat map.
2020-06-12 06:02:19.212  INFO 8 --- [           main] com.alibaba.nacos.client.naming          : [REGISTER-SERVICE] public registering service DEFAULT_GROUP@@bid-clear-biddingclearing with instance: {"clusterName":"DEFAULT","enabled":true,"ephemeral":true,"healthy":true,"instanceHeartBeatInterval":5000,"instanceHeartBeatTimeOut":15000,"ip":"172.22.0.4","ipDeleteTimeout":30000,"metadata":{"preserved.register.source":"SPRING_CLOUD"},"port":9966,"weight":1.0}
2020-06-12 06:02:19.238  INFO 8 --- [           main] c.a.c.n.registry.NacosServiceRegistry    : nacos registry, DEFAULT_GROUP bid-clear-biddingclearing 172.22.0.4:9966 register finished
2020-06-12 06:02:19.241  INFO 8 --- [           main] .c.t.b.BiddingClearingServiceApplication : Started BiddingClearingServiceApplication in 110.339 seconds (JVM running for 117.876)
2020-06-12 06:02:19.245  INFO 8 --- [           main] c.a.n.client.config.impl.ClientWorker    : [fixed-nacos_8848] [subscribe] bid-clear-biddingclearing-test.properties+DEFAULT_GROUP
2020-06-12 06:02:19.246  INFO 8 --- [           main] c.a.nacos.client.config.impl.CacheData   : [fixed-nacos_8848] [add-listener] ok, tenant=, dataId=bid-clear-biddingclearing-test.properties, group=DEFAULT_GROUP, cnt=1
2020-06-12 06:02:19.246  INFO 8 --- [           main] c.a.n.client.config.impl.ClientWorker    : [fixed-nacos_8848] [subscribe] bid-clear-biddingclearing+DEFAULT_GROUP
2020-06-12 06:02:19.246  INFO 8 --- [           main] c.a.nacos.client.config.impl.CacheData   : [fixed-nacos_8848] [add-listener] ok, tenant=, dataId=bid-clear-biddingclearing, group=DEFAULT_GROUP, cnt=1
2020-06-12 06:02:19.247  INFO 8 --- [           main] c.a.n.client.config.impl.ClientWorker    : [fixed-nacos_8848] [subscribe] bid-clear-biddingclearing.properties+DEFAULT_GROUP
2020-06-12 06:02:19.247  INFO 8 --- [           main] c.a.nacos.client.config.impl.CacheData   : [fixed-nacos_8848] [add-listener] ok, tenant=, dataId=bid-clear-biddingclearing.properties, group=DEFAULT_GROUP, cnt=1
2020-06-12 06:02:51.620  INFO 8 --- [nio-9966-exec-1] o.a.c.c.C.[Tomcat].[localhost].[/]       : Initializing Spring DispatcherServlet 'dispatcherServlet'
2020-06-12 06:02:51.622  INFO 8 --- [nio-9966-exec-1] o.s.web.servlet.DispatcherServlet        : Initializing Servlet 'dispatcherServlet'
2020-06-12 06:02:51.658  INFO 8 --- [nio-9966-exec-1] o.s.web.servlet.DispatcherServlet        : Completed initialization in 36 ms
2020-06-12 06:02:52.111  INFO 8 --- [nio-9966-exec-1] io.lettuce.core.EpollProvider            : Starting without optional epoll library
2020-06-12 06:02:52.116  INFO 8 --- [nio-9966-exec-1] io.lettuce.core.KqueueProvider           : Starting without optional kqueue library
 Time：39 ms - ID：cn.com.trade365.biddingclearing.dao.BidSectionDao.selectById
Execute SQL：SELECT id,code,external_id,section_code,section_name,project_code,project_name,section_description,data_type,opening_time,platform,create_time,update_time FROM bid_section WHERE id=? 

 Time：65 ms - ID：cn.com.trade365.biddingclearing.dao.TempListDao.selectList
Execute SQL：SELECT id,code,list_name,parent_list_name,type,sort,operation_flag FROM temp_list

