
  .   ____          _            __ _ _
 /\\ / ___'_ __ _ _(_)_ __  __ _ \ \ \ \
( ( )\___ | '_ | '_| | '_ \/ _` | \ \ \ \
 \\/  ___)| |_)| | | | | || (_| |  ) ) ) )
  '  |____| .__|_| |_|_| |_\__, | / / / /
 =========|_|==============|___/=/_/_/_/
 :: Spring Boot ::        (v2.2.4.RELEASE)

2020-06-12 06:00:43.674  INFO 11 --- [           main] c.a.n.c.c.impl.LocalConfigInfoProcessor  : LOCAL_SNAPSHOT_PATH:/root/nacos/config
2020-06-12 06:00:44.286  INFO 11 --- [           main] c.a.nacos.client.config.impl.Limiter     : limitTime:5.0
2020-06-12 06:00:44.829  WARN 11 --- [           main] c.a.c.n.c.NacosPropertySourceBuilder     : Ignore the empty nacos configuration and get it based on dataId[bid-clear-message] & group[DEFAULT_GROUP]
2020-06-12 06:00:44.850  WARN 11 --- [           main] c.a.c.n.c.NacosPropertySourceBuilder     : Ignore the empty nacos configuration and get it based on dataId[bid-clear-message.properties] & group[DEFAULT_GROUP]
2020-06-12 06:00:44.860  WARN 11 --- [           main] c.a.c.n.c.NacosPropertySourceBuilder     : Ignore the empty nacos configuration and get it based on dataId[bid-clear-message-test.properties] & group[DEFAULT_GROUP]
2020-06-12 06:00:44.864  INFO 11 --- [           main] b.c.PropertySourceBootstrapConfiguration : Located property source: [BootstrapPropertySource {name='bootstrapProperties-bid-clear-message-test.properties,DEFAULT_GROUP'}, BootstrapPropertySource {name='bootstrapProperties-bid-clear-message.properties,DEFAULT_GROUP'}, BootstrapPropertySource {name='bootstrapProperties-bid-clear-message,DEFAULT_GROUP'}]
2020-06-12 06:00:44.903  INFO 11 --- [           main] c.c.t.b.MessageServiceApplication        : The following profiles are active: test
2020-06-12 06:00:57.619  WARN 11 --- [           main] o.m.s.mapper.ClassPathMapperScanner      : No MyBatis mapper was found in '[cn.com.trade365.biddingclearing]' package. Please check your configuration.
2020-06-12 06:00:58.643  INFO 11 --- [           main] .s.d.r.c.RepositoryConfigurationDelegate : Multiple Spring Data modules found, entering strict repository configuration mode!
2020-06-12 06:00:58.722  INFO 11 --- [           main] .s.d.r.c.RepositoryConfigurationDelegate : Bootstrapping Spring Data Redis repositories in DEFAULT mode.
2020-06-12 06:00:59.792  INFO 11 --- [           main] .s.d.r.c.RepositoryConfigurationDelegate : Finished Spring Data repository scanning in 626ms. Found 0 Redis repository interfaces.
2020-06-12 06:01:02.849  INFO 11 --- [           main] o.s.cloud.context.scope.GenericScope     : BeanFactory id=0c1fe96a-532f-38e9-b776-71060f7dcc44
2020-06-12 06:01:07.018  INFO 11 --- [           main] trationDelegate$BeanPostProcessorChecker : Bean 'org.springframework.transaction.annotation.ProxyTransactionManagementConfiguration' of type [org.springframework.transaction.annotation.ProxyTransactionManagementConfiguration] is not eligible for getting processed by all BeanPostProcessors (for example: not eligible for auto-proxying)
2020-06-12 06:01:17.269  INFO 11 --- [           main] o.s.b.w.embedded.tomcat.TomcatWebServer  : Tomcat initialized with port(s): 9964 (http)
2020-06-12 06:01:17.577  INFO 11 --- [           main] o.apache.catalina.core.StandardService   : Starting service [Tomcat]
2020-06-12 06:01:17.579  INFO 11 --- [           main] org.apache.catalina.core.StandardEngine  : Starting Servlet engine: [Apache Tomcat/9.0.30]
2020-06-12 06:01:18.763  INFO 11 --- [           main] o.a.c.c.C.[Tomcat].[localhost].[/]       : Initializing Spring embedded WebApplicationContext
2020-06-12 06:01:18.774  INFO 11 --- [           main] o.s.web.context.ContextLoader            : Root WebApplicationContext: initialization completed in 33759 ms
2020-06-12 06:01:26.589  INFO 11 --- [lientSelector_1] RocketmqRemoting                         : closeChannel: close the connection to remote address[] result: true
2020-06-12 06:01:32.568  INFO 11 --- [           main] c.c.t.biddingclearing.util.SpringUtil    : sprigUtil init success
2020-06-12 06:01:33.040  WARN 11 --- [           main] c.n.c.sources.URLConfigurationSource     : No URLs will be polled as dynamic configuration sources.
2020-06-12 06:01:33.068  INFO 11 --- [           main] c.n.c.sources.URLConfigurationSource     : To enable URLs as dynamic configuration sources, define System property archaius.configurationSource.additionalUrls or make config.properties available on classpath.
2020-06-12 06:01:33.164  WARN 11 --- [           main] c.n.c.sources.URLConfigurationSource     : No URLs will be polled as dynamic configuration sources.
2020-06-12 06:01:33.166  INFO 11 --- [           main] c.n.c.sources.URLConfigurationSource     : To enable URLs as dynamic configuration sources, define System property archaius.configurationSource.additionalUrls or make config.properties available on classpath.
2020-06-12 06:01:37.389  INFO 11 --- [           main] o.s.s.concurrent.ThreadPoolTaskExecutor  : Initializing ExecutorService 'applicationTaskExecutor'
2020-06-12 06:01:40.828  INFO 11 --- [           main] o.s.s.c.ThreadPoolTaskScheduler          : Initializing ExecutorService 'Nacso-Watch-Task-Scheduler'
2020-06-12 06:01:40.888  INFO 11 --- [           main] com.alibaba.nacos.client.naming          : initializer namespace from System Property :null
2020-06-12 06:01:40.902  INFO 11 --- [           main] com.alibaba.nacos.client.naming          : initializer namespace from System Environment :null
2020-06-12 06:01:40.903  INFO 11 --- [           main] com.alibaba.nacos.client.naming          : initializer namespace from System Property :null
2020-06-12 06:01:41.709  INFO 11 --- [           main] c.a.d.s.b.a.DruidDataSourceAutoConfigure : Init DruidDataSource
2020-06-12 06:01:44.986  INFO 11 --- [           main] com.alibaba.druid.pool.DruidDataSource   : {dataSource-1} inited
 _ _   |_  _ _|_. ___ _ |    _ 
| | |\/|_)(_| | |_\  |_)||_|_\ 
     /               |         
                        3.1.2 
2020-06-12 06:01:54.157  INFO 11 --- [lientSelector_1] RocketmqRemoting                         : closeChannel: close the connection to remote address[] result: true
2020-06-12 06:01:56.394  INFO 11 --- [           main] o.s.b.w.embedded.tomcat.TomcatWebServer  : Tomcat started on port(s): 9964 (http) with context path ''
2020-06-12 06:01:56.435  INFO 11 --- [           main] com.alibaba.nacos.client.naming          : [BEAT] adding beat: {"cluster":"DEFAULT","ip":"172.22.0.4","metadata":{"preserved.register.source":"SPRING_CLOUD"},"period":5000,"port":9964,"scheduled":false,"serviceName":"DEFAULT_GROUP@@bid-clear-message","stopped":false,"weight":1.0} to beat map.
2020-06-12 06:01:57.459  INFO 11 --- [           main] com.alibaba.nacos.client.naming          : [REGISTER-SERVICE] public registering service DEFAULT_GROUP@@bid-clear-message with instance: {"clusterName":"DEFAULT","enabled":true,"ephemeral":true,"healthy":true,"instanceHeartBeatInterval":5000,"instanceHeartBeatTimeOut":15000,"ip":"172.22.0.4","ipDeleteTimeout":30000,"metadata":{"preserved.register.source":"SPRING_CLOUD"},"port":9964,"weight":1.0}
2020-06-12 06:01:57.802  INFO 11 --- [           main] c.a.c.n.registry.NacosServiceRegistry    : nacos registry, DEFAULT_GROUP bid-clear-message 172.22.0.4:9964 register finished
2020-06-12 06:01:57.808  INFO 11 --- [           main] c.c.t.b.MessageServiceApplication        : Started MessageServiceApplication in 89.758 seconds (JVM running for 96.648)
2020-06-12 06:01:57.868  INFO 11 --- [           main] c.a.n.client.config.impl.ClientWorker    : [fixed-nacos_8848] [subscribe] bid-clear-message+DEFAULT_GROUP
2020-06-12 06:01:57.870  INFO 11 --- [           main] c.a.nacos.client.config.impl.CacheData   : [fixed-nacos_8848] [add-listener] ok, tenant=, dataId=bid-clear-message, group=DEFAULT_GROUP, cnt=1
2020-06-12 06:01:57.876  INFO 11 --- [           main] c.a.n.client.config.impl.ClientWorker    : [fixed-nacos_8848] [subscribe] bid-clear-message.properties+DEFAULT_GROUP
2020-06-12 06:01:57.877  INFO 11 --- [           main] c.a.nacos.client.config.impl.CacheData   : [fixed-nacos_8848] [add-listener] ok, tenant=, dataId=bid-clear-message.properties, group=DEFAULT_GROUP, cnt=1
2020-06-12 06:01:57.878  INFO 11 --- [           main] c.a.n.client.config.impl.ClientWorker    : [fixed-nacos_8848] [subscribe] bid-clear-message-test.properties+DEFAULT_GROUP
2020-06-12 06:01:57.879  INFO 11 --- [           main] c.a.nacos.client.config.impl.CacheData   : [fixed-nacos_8848] [add-listener] ok, tenant=, dataId=bid-clear-message-test.properties, group=DEFAULT_GROUP, cnt=1
2020-06-12 06:02:24.118  INFO 11 --- [lientSelector_1] RocketmqRemoting                         : closeChannel: close the connection to remote address[] result: true
2020-06-12 06:02:54.117  INFO 11 --- [lientSelector_1] RocketmqRemoting                         : closeChannel: close the connection to remote address[] result: true
2020-06-12 06:03:24.119  INFO 11 --- [lientSelector_1] RocketmqRemoting                         : closeChannel: close the connection to remote address[] result: true
2020-06-12 06:03:54.118  INFO 11 --- [lientSelector_1] RocketmqRemoting                         : closeChannel: close the connection to remote address[] result: true
2020-06-12 06:04:24.118  INFO 11 --- [lientSelector_1] RocketmqRemoting                         : closeChannel: close the connection to remote address[] result: true
2020-06-12 06:04:54.117  INFO 11 --- [lientSelector_1] RocketmqRemoting                         : closeChannel: close the connection to remote address[] result: true
2020-06-12 06:05:24.117  INFO 11 --- [lientSelector_1] RocketmqRemoting                         : closeChannel: close the connection to remote address[] result: true
2020-06-12 06:05:54.122  INFO 11 --- [lientSelector_1] RocketmqRemoting                         : closeChannel: close the connection to remote address[] result: true
2020-06-12 06:06:24.120  INFO 11 --- [lientSelector_1] RocketmqRemoting                         : closeChannel: close the connection to remote address[] result: true
2020-06-12 06:06:54.119  INFO 11 --- [lientSelector_1] RocketmqRemoting                         : closeChannel: close the connection to remote address[] result: true
2020-06-12 06:07:24.116  INFO 11 --- [lientSelector_1] RocketmqRemoting                         : closeChannel: close the connection to remote address[] result: true
2020-06-12 06:07:54.119  INFO 11 --- [lientSelector_1] RocketmqRemoting                         : closeChannel: close the connection to remote address[] result: true
2020-06-12 06:08:24.117  INFO 11 --- [lientSelector_1] RocketmqRemoting                         : closeChannel: close the connection to remote address[] result: true
2020-06-12 06:08:54.119  INFO 11 --- [lientSelector_1] RocketmqRemoting                         : closeChannel: close the connection to remote address[] result: true
2020-06-12 06:09:24.117  INFO 11 --- [lientSelector_1] RocketmqRemoting                         : closeChannel: close the connection to remote address[] result: true
2020-06-12 06:09:54.118  INFO 11 --- [lientSelector_1] RocketmqRemoting                         : closeChannel: close the connection to remote address[] result: true
2020-06-12 06:10:24.117  INFO 11 --- [lientSelector_1] RocketmqRemoting                         : closeChannel: close the connection to remote address[] result: true
2020-06-12 06:10:54.122  INFO 11 --- [lientSelector_1] RocketmqRemoting                         : closeChannel: close the connection to remote address[] result: true
2020-06-12 06:11:24.118  INFO 11 --- [lientSelector_1] RocketmqRemoting                         : closeChannel: close the connection to remote address[] result: true
2020-06-12 06:11:54.116  INFO 11 --- [lientSelector_1] RocketmqRemoting                         : closeChannel: close the connection to remote address[] result: true
2020-06-12 06:12:24.116  INFO 11 --- [lientSelector_1] RocketmqRemoting                         : closeChannel: close the connection to remote address[] result: true
2020-06-12 06:12:54.118  INFO 11 --- [lientSelector_1] RocketmqRemoting                         : closeChannel: close the connection to remote address[] result: true
2020-06-12 06:13:24.119  INFO 11 --- [lientSelector_1] RocketmqRemoting                         : closeChannel: close the connection to remote address[] result: true
2020-06-12 06:13:54.119  INFO 11 --- [lientSelector_1] RocketmqRemoting                         : closeChannel: close the connection to remote address[] result: true
2020-06-12 06:14:24.118  INFO 11 --- [lientSelector_1] RocketmqRemoting                         : closeChannel: close the connection to remote address[] result: true
2020-06-12 06:14:54.118  INFO 11 --- [lientSelector_1] RocketmqRemoting                         : closeChannel: close the connection to remote address[] result: true
2020-06-12 06:15:24.116  INFO 11 --- [lientSelector_1] RocketmqRemoting                         : closeChannel: close the connection to remote address[] result: true
2020-06-12 06:15:54.116  INFO 11 --- [lientSelector_1] RocketmqRemoting                         : closeChannel: close the connection to remote address[] result: true
2020-06-12 06:16:24.119  INFO 11 --- [lientSelector_1] RocketmqRemoting                         : closeChannel: close the connection to remote address[] result: true
2020-06-12 06:16:54.119  INFO 11 --- [lientSelector_1] RocketmqRemoting                         : closeChannel: close the connection to remote address[] result: true
2020-06-12 06:17:24.116  INFO 11 --- [lientSelector_1] RocketmqRemoting                         : closeChannel: close the connection to remote address[] result: true
2020-06-12 06:17:54.116  INFO 11 --- [lientSelector_1] RocketmqRemoting                         : closeChannel: close the connection to remote address[] result: true
2020-06-12 06:18:24.118  INFO 11 --- [lientSelector_1] RocketmqRemoting                         : closeChannel: close the connection to remote address[] result: true
2020-06-12 06:18:54.116  INFO 11 --- [lientSelector_1] RocketmqRemoting                         : closeChannel: close the connection to remote address[] result: true
2020-06-12 06:19:24.116  INFO 11 --- [lientSelector_1] RocketmqRemoting                         : closeChannel: close the connection to remote address[] result: true
2020-06-12 06:19:54.116  INFO 11 --- [lientSelector_1] RocketmqRemoting                         : closeChannel: close the connection to remote address[] result: true
2020-06-12 06:20:24.116  INFO 11 --- [lientSelector_1] RocketmqRemoting                         : closeChannel: close the connection to remote address[] result: true
2020-06-12 06:20:54.116  INFO 11 --- [lientSelector_1] RocketmqRemoting                         : closeChannel: close the connection to remote address[] result: true
2020-06-12 06:21:24.117  INFO 11 --- [lientSelector_1] RocketmqRemoting                         : closeChannel: close the connection to remote address[] result: true
2020-06-12 06:21:54.119  INFO 11 --- [lientSelector_1] RocketmqRemoting                         : closeChannel: close the connection to remote address[] result: true
2020-06-12 06:22:24.116  INFO 11 --- [lientSelector_1] RocketmqRemoting                         : closeChannel: close the connection to remote address[] result: true
2020-06-12 06:22:54.116  INFO 11 --- [lientSelector_1] RocketmqRemoting                         : closeChannel: close the connection to remote address[] result: true
2020-06-12 06:23:24.119  INFO 11 --- [lientSelector_1] RocketmqRemoting                         : closeChannel: close the connection to remote address[] result: true
2020-06-12 06:23:54.124  INFO 11 --- [lientSelector_1] RocketmqRemoting                         : closeChannel: close the connection to remote address[] result: true
2020-06-12 06:24:24.116  INFO 11 --- [lientSelector_1] RocketmqRemoting                         : closeChannel: close the connection to remote address[] result: true
2020-06-12 06:24:54.130  INFO 11 --- [lientSelector_1] RocketmqRemoting                         : closeChannel: close the connection to remote address[] result: true
2020-06-12 06:25:24.120  INFO 11 --- [lientSelector_1] RocketmqRemoting                         : closeChannel: close the connection to remote address[] result: true
2020-06-12 06:25:54.117  INFO 11 --- [lientSelector_1] RocketmqRemoting                         : closeChannel: close the connection to remote address[] result: true
2020-06-12 06:26:24.119  INFO 11 --- [lientSelector_1] RocketmqRemoting                         : closeChannel: close the connection to remote address[] result: true
2020-06-12 06:26:54.116  INFO 11 --- [lientSelector_1] RocketmqRemoting                         : closeChannel: close the connection to remote address[] result: true
2020-06-12 06:27:24.117  INFO 11 --- [lientSelector_1] RocketmqRemoting                         : closeChannel: close the connection to remote address[] result: true
2020-06-12 06:27:54.118  INFO 11 --- [lientSelector_1] RocketmqRemoting                         : closeChannel: close the connection to remote address[] result: true
2020-06-12 06:28:24.119  INFO 11 --- [lientSelector_1] RocketmqRemoting                         : closeChannel: close the connection to remote address[] result: true
2020-06-12 06:28:54.116  INFO 11 --- [lientSelector_1] RocketmqRemoting                         : closeChannel: close the connection to remote address[] result: true
2020-06-12 06:29:24.116  INFO 11 --- [lientSelector_1] RocketmqRemoting                         : closeChannel: close the connection to remote address[] result: true
