
  .   ____          _            __ _ _
 /\\ / ___'_ __ _ _(_)_ __  __ _ \ \ \ \
( ( )\___ | '_ | '_| | '_ \/ _` | \ \ \ \
 \\/  ___)| |_)| | | | | || (_| |  ) ) ) )
  '  |____| .__|_| |_|_| |_\__, | / / / /
 =========|_|==============|___/=/_/_/_/
 :: Spring Boot ::        (v2.2.4.RELEASE)

2020-06-12 06:00:47.821  INFO 9 --- [           main] c.a.n.c.c.impl.LocalConfigInfoProcessor  : LOCAL_SNAPSHOT_PATH:/root/nacos/config
2020-06-12 06:00:48.392  INFO 9 --- [           main] c.a.nacos.client.config.impl.Limiter     : limitTime:5.0
2020-06-12 06:00:48.649  WARN 9 --- [           main] c.a.c.n.c.NacosPropertySourceBuilder     : Ignore the empty nacos configuration and get it based on dataId[bid-clear-gateway] & group[DEFAULT_GROUP]
2020-06-12 06:00:48.668  WARN 9 --- [           main] c.a.c.n.c.NacosPropertySourceBuilder     : Ignore the empty nacos configuration and get it based on dataId[bid-clear-gateway.properties] & group[DEFAULT_GROUP]
2020-06-12 06:00:48.742  WARN 9 --- [           main] c.a.c.n.c.NacosPropertySourceBuilder     : Ignore the empty nacos configuration and get it based on dataId[bid-clear-gateway-test.properties] & group[DEFAULT_GROUP]
2020-06-12 06:00:48.777  INFO 9 --- [           main] b.c.PropertySourceBootstrapConfiguration : Located property source: [BootstrapPropertySource {name='bootstrapProperties-bid-clear-gateway-test.properties,DEFAULT_GROUP'}, BootstrapPropertySource {name='bootstrapProperties-bid-clear-gateway.properties,DEFAULT_GROUP'}, BootstrapPropertySource {name='bootstrapProperties-bid-clear-gateway,DEFAULT_GROUP'}]
2020-06-12 06:00:48.869  INFO 9 --- [           main] c.c.t.b.GatewayServiceApplication        : The following profiles are active: test
2020-06-12 06:01:04.792  INFO 9 --- [           main] .s.d.r.c.RepositoryConfigurationDelegate : Multiple Spring Data modules found, entering strict repository configuration mode!
2020-06-12 06:01:04.835  INFO 9 --- [           main] .s.d.r.c.RepositoryConfigurationDelegate : Bootstrapping Spring Data Redis repositories in DEFAULT mode.
2020-06-12 06:01:05.676  INFO 9 --- [           main] .s.d.r.c.RepositoryConfigurationDelegate : Finished Spring Data repository scanning in 336ms. Found 0 Redis repository interfaces.
2020-06-12 06:01:13.769  INFO 9 --- [           main] o.s.cloud.context.scope.GenericScope     : BeanFactory id=568c2cab-03cb-3ab0-8c25-1c81f9833023
2020-06-12 06:01:17.459  INFO 9 --- [           main] trationDelegate$BeanPostProcessorChecker : Bean 'cn.com.trade365.biddingclearing.api.UserClientService' of type [org.springframework.cloud.openfeign.FeignClientFactoryBean] is not eligible for getting processed by all BeanPostProcessors (for example: not eligible for auto-proxying)
2020-06-12 06:01:18.690  INFO 9 --- [           main] trationDelegate$BeanPostProcessorChecker : Bean 'org.springframework.transaction.annotation.ProxyTransactionManagementConfiguration' of type [org.springframework.transaction.annotation.ProxyTransactionManagementConfiguration] is not eligible for getting processed by all BeanPostProcessors (for example: not eligible for auto-proxying)
2020-06-12 06:01:24.399  INFO 9 --- [           main] trationDelegate$BeanPostProcessorChecker : Bean 'org.springframework.cloud.client.loadbalancer.reactive.LoadBalancerBeanPostProcessorAutoConfiguration' of type [org.springframework.cloud.client.loadbalancer.reactive.LoadBalancerBeanPostProcessorAutoConfiguration] is not eligible for getting processed by all BeanPostProcessors (for example: not eligible for auto-proxying)
2020-06-12 06:01:24.416  INFO 9 --- [           main] trationDelegate$BeanPostProcessorChecker : Bean 'org.springframework.cloud.client.loadbalancer.reactive.LoadBalancerBeanPostProcessorAutoConfiguration$ReactiveLoadBalancerConfig' of type [org.springframework.cloud.client.loadbalancer.reactive.LoadBalancerBeanPostProcessorAutoConfiguration$ReactiveLoadBalancerConfig] is not eligible for getting processed by all BeanPostProcessors (for example: not eligible for auto-proxying)
2020-06-12 06:01:24.460  INFO 9 --- [           main] trationDelegate$BeanPostProcessorChecker : Bean 'deferringLoadBalancerExchangeFilterFunction' of type [org.springframework.cloud.client.loadbalancer.reactive.DeferringLoadBalancerExchangeFilterFunction] is not eligible for getting processed by all BeanPostProcessors (for example: not eligible for auto-proxying)
2020-06-12 06:01:28.297  INFO 9 --- [           main] c.a.d.s.b.a.DruidDataSourceAutoConfigure : Init DruidDataSource
2020-06-12 06:01:32.725  INFO 9 --- [           main] com.alibaba.druid.pool.DruidDataSource   : {dataSource-1} inited
 _ _   |_  _ _|_. ___ _ |    _ 
| | |\/|_)(_| | |_\  |_)||_|_\ 
     /               |         
                        3.1.2 
2020-06-12 06:01:58.693  INFO 9 --- [           main] o.s.c.g.r.RouteDefinitionRouteLocator    : Loaded RoutePredicateFactory [After]
2020-06-12 06:01:58.694  INFO 9 --- [           main] o.s.c.g.r.RouteDefinitionRouteLocator    : Loaded RoutePredicateFactory [Before]
2020-06-12 06:01:58.697  INFO 9 --- [           main] o.s.c.g.r.RouteDefinitionRouteLocator    : Loaded RoutePredicateFactory [Between]
2020-06-12 06:01:58.698  INFO 9 --- [           main] o.s.c.g.r.RouteDefinitionRouteLocator    : Loaded RoutePredicateFactory [Cookie]
2020-06-12 06:01:58.701  INFO 9 --- [           main] o.s.c.g.r.RouteDefinitionRouteLocator    : Loaded RoutePredicateFactory [Header]
2020-06-12 06:01:58.702  INFO 9 --- [           main] o.s.c.g.r.RouteDefinitionRouteLocator    : Loaded RoutePredicateFactory [Host]
2020-06-12 06:01:58.705  INFO 9 --- [           main] o.s.c.g.r.RouteDefinitionRouteLocator    : Loaded RoutePredicateFactory [Method]
2020-06-12 06:01:58.706  INFO 9 --- [           main] o.s.c.g.r.RouteDefinitionRouteLocator    : Loaded RoutePredicateFactory [Path]
2020-06-12 06:01:58.709  INFO 9 --- [           main] o.s.c.g.r.RouteDefinitionRouteLocator    : Loaded RoutePredicateFactory [Query]
2020-06-12 06:01:58.710  INFO 9 --- [           main] o.s.c.g.r.RouteDefinitionRouteLocator    : Loaded RoutePredicateFactory [ReadBodyPredicateFactory]
2020-06-12 06:01:58.713  INFO 9 --- [           main] o.s.c.g.r.RouteDefinitionRouteLocator    : Loaded RoutePredicateFactory [RemoteAddr]
2020-06-12 06:01:58.715  INFO 9 --- [           main] o.s.c.g.r.RouteDefinitionRouteLocator    : Loaded RoutePredicateFactory [Weight]
2020-06-12 06:01:58.718  INFO 9 --- [           main] o.s.c.g.r.RouteDefinitionRouteLocator    : Loaded RoutePredicateFactory [CloudFoundryRouteService]
2020-06-12 06:02:00.109  INFO 9 --- [           main] c.c.t.biddingclearing.util.SpringUtil    : sprigUtil init success
2020-06-12 06:02:00.880  WARN 9 --- [           main] c.n.c.sources.URLConfigurationSource     : No URLs will be polled as dynamic configuration sources.
2020-06-12 06:02:00.881  INFO 9 --- [           main] c.n.c.sources.URLConfigurationSource     : To enable URLs as dynamic configuration sources, define System property archaius.configurationSource.additionalUrls or make config.properties available on classpath.
2020-06-12 06:02:00.945  WARN 9 --- [           main] c.n.c.sources.URLConfigurationSource     : No URLs will be polled as dynamic configuration sources.
2020-06-12 06:02:00.945  INFO 9 --- [           main] c.n.c.sources.URLConfigurationSource     : To enable URLs as dynamic configuration sources, define System property archaius.configurationSource.additionalUrls or make config.properties available on classpath.
2020-06-12 06:02:06.220  INFO 9 --- [           main] o.s.s.c.ThreadPoolTaskScheduler          : Initializing ExecutorService 'Nacso-Watch-Task-Scheduler'
2020-06-12 06:02:06.333  INFO 9 --- [           main] com.alibaba.nacos.client.naming          : initializer namespace from System Property :null
2020-06-12 06:02:06.335  INFO 9 --- [           main] com.alibaba.nacos.client.naming          : initializer namespace from System Environment :null
2020-06-12 06:02:06.337  INFO 9 --- [           main] com.alibaba.nacos.client.naming          : initializer namespace from System Property :null
2020-06-12 06:02:10.232  INFO 9 --- [           main] o.s.b.web.embedded.netty.NettyWebServer  : Netty started on port(s): 9961
2020-06-12 06:02:10.368  INFO 9 --- [           main] com.alibaba.nacos.client.naming          : [BEAT] adding beat: {"cluster":"DEFAULT","ip":"172.22.0.4","metadata":{"preserved.register.source":"SPRING_CLOUD"},"period":5000,"port":9961,"scheduled":false,"serviceName":"DEFAULT_GROUP@@bid-clear-gateway","stopped":false,"weight":1.0} to beat map.
2020-06-12 06:02:11.595  INFO 9 --- [           main] com.alibaba.nacos.client.naming          : [REGISTER-SERVICE] public registering service DEFAULT_GROUP@@bid-clear-gateway with instance: {"clusterName":"DEFAULT","enabled":true,"ephemeral":true,"healthy":true,"instanceHeartBeatInterval":5000,"instanceHeartBeatTimeOut":15000,"ip":"172.22.0.4","ipDeleteTimeout":30000,"metadata":{"preserved.register.source":"SPRING_CLOUD"},"port":9961,"weight":1.0}
2020-06-12 06:02:11.719  INFO 9 --- [           main] c.a.c.n.registry.NacosServiceRegistry    : nacos registry, DEFAULT_GROUP bid-clear-gateway 172.22.0.4:9961 register finished
2020-06-12 06:02:11.767  INFO 9 --- [           main] c.c.t.b.GatewayServiceApplication        : Started GatewayServiceApplication in 102.435 seconds (JVM running for 110.527)
2020-06-12 06:02:11.799  INFO 9 --- [           main] c.a.n.client.config.impl.ClientWorker    : [fixed-nacos_8848] [subscribe] bid-clear-gateway-test.properties+DEFAULT_GROUP
2020-06-12 06:02:11.869  INFO 9 --- [           main] c.a.nacos.client.config.impl.CacheData   : [fixed-nacos_8848] [add-listener] ok, tenant=, dataId=bid-clear-gateway-test.properties, group=DEFAULT_GROUP, cnt=1
2020-06-12 06:02:11.871  INFO 9 --- [           main] c.a.n.client.config.impl.ClientWorker    : [fixed-nacos_8848] [subscribe] bid-clear-gateway.properties+DEFAULT_GROUP
2020-06-12 06:02:11.872  INFO 9 --- [           main] c.a.nacos.client.config.impl.CacheData   : [fixed-nacos_8848] [add-listener] ok, tenant=, dataId=bid-clear-gateway.properties, group=DEFAULT_GROUP, cnt=1
2020-06-12 06:02:11.873  INFO 9 --- [           main] c.a.n.client.config.impl.ClientWorker    : [fixed-nacos_8848] [subscribe] bid-clear-gateway+DEFAULT_GROUP
2020-06-12 06:02:11.874  INFO 9 --- [           main] c.a.nacos.client.config.impl.CacheData   : [fixed-nacos_8848] [add-listener] ok, tenant=, dataId=bid-clear-gateway, group=DEFAULT_GROUP, cnt=1
2020-06-12 06:02:44.855  INFO 9 --- [or-http-epoll-2] c.c.t.b.filter.TokenAuthFilter           : uri:http://dreampe.com:9961/gateclear, path:/gateclear
2020-06-12 06:02:49.626  INFO 9 --- [or-http-epoll-3] c.c.t.b.filter.TokenAuthFilter           : uri:http://dreampe.com:9961/gateclear/bc/tempList/list, path:/gateclear/bc/tempList/list
2020-06-12 06:02:50.277  INFO 9 --- [or-http-epoll-3] c.netflix.config.ChainedDynamicProperty  : Flipping property: bid-clear-gateway.ribbon.ActiveConnectionsLimit to use NEXT property: niws.loadbalancer.availabilityFilteringRule.activeConnectionsLimit = 2147483647
2020-06-12 06:02:50.312  INFO 9 --- [or-http-epoll-3] c.netflix.loadbalancer.BaseLoadBalancer  : Client: bid-clear-gateway instantiated a LoadBalancer: DynamicServerListLoadBalancer:{NFLoadBalancer:name=bid-clear-gateway,current list of Servers=[],Load balancer stats=Zone stats: {},Server stats: []}ServerList:null
2020-06-12 06:02:50.331  INFO 9 --- [or-http-epoll-3] c.n.l.DynamicServerListLoadBalancer      : Using serverListUpdater PollingServerListUpdater
2020-06-12 06:02:50.388  INFO 9 --- [or-http-epoll-3] com.alibaba.nacos.client.naming          : new ips(1) service: DEFAULT_GROUP@@bid-clear-gateway -> [{"clusterName":"DEFAULT","enabled":true,"ephemeral":true,"healthy":true,"instanceHeartBeatInterval":5000,"instanceHeartBeatTimeOut":15000,"instanceId":"172.22.0.4#9961#DEFAULT#DEFAULT_GROUP@@bid-clear-gateway","ip":"172.22.0.4","ipDeleteTimeout":30000,"metadata":{"preserved.register.source":"SPRING_CLOUD"},"port":9961,"serviceName":"DEFAULT_GROUP@@bid-clear-gateway","weight":1.0}]
2020-06-12 06:02:50.396  INFO 9 --- [or-http-epoll-3] com.alibaba.nacos.client.naming          : current ips:(1) service: DEFAULT_GROUP@@bid-clear-gateway -> [{"clusterName":"DEFAULT","enabled":true,"ephemeral":true,"healthy":true,"instanceHeartBeatInterval":5000,"instanceHeartBeatTimeOut":15000,"instanceId":"172.22.0.4#9961#DEFAULT#DEFAULT_GROUP@@bid-clear-gateway","ip":"172.22.0.4","ipDeleteTimeout":30000,"metadata":{"preserved.register.source":"SPRING_CLOUD"},"port":9961,"serviceName":"DEFAULT_GROUP@@bid-clear-gateway","weight":1.0}]
2020-06-12 06:02:50.435  INFO 9 --- [or-http-epoll-3] c.netflix.config.ChainedDynamicProperty  : Flipping property: bid-clear-gateway.ribbon.ActiveConnectionsLimit to use NEXT property: niws.loadbalancer.availabilityFilteringRule.activeConnectionsLimit = 2147483647
2020-06-12 06:02:50.443  INFO 9 --- [or-http-epoll-3] c.n.l.DynamicServerListLoadBalancer      : DynamicServerListLoadBalancer for client bid-clear-gateway initialized: DynamicServerListLoadBalancer:{NFLoadBalancer:name=bid-clear-gateway,current list of Servers=[172.22.0.4:9961],Load balancer stats=Zone stats: {unknown=[Zone:unknown;	Instance count:1;	Active connections count: 0;	Circuit breaker tripped count: 0;	Active connections per server: 0.0;]
},Server stats: [[Server:172.22.0.4:9961;	Zone:UNKNOWN;	Total Requests:0;	Successive connection failure:0;	Total blackout seconds:0;	Last connection made:Thu Jan 01 00:00:00 GMT 1970;	First connection made: Thu Jan 01 00:00:00 GMT 1970;	Active Connections:0;	total failure count in last (1000) msecs:0;	average resp time:0.0;	90 percentile resp time:0.0;	95 percentile resp time:0.0;	min resp time:0.0;	max resp time:0.0;	stddev resp time:0.0]
]}ServerList:com.alibaba.cloud.nacos.ribbon.NacosServerList@ab3ed78e
2020-06-12 06:02:51.148  INFO 9 --- [or-http-epoll-1] c.c.t.b.filter.TokenAuthFilter           : uri:http://172.22.0.4:9961/bc/tempList/list, path:/bc/tempList/list
2020-06-12 06:02:51.274  INFO 9 --- [or-http-epoll-1] c.netflix.config.ChainedDynamicProperty  : Flipping property: bid-clear-biddingclearing.ribbon.ActiveConnectionsLimit to use NEXT property: niws.loadbalancer.availabilityFilteringRule.activeConnectionsLimit = 2147483647
2020-06-12 06:02:51.280  INFO 9 --- [or-http-epoll-1] c.netflix.loadbalancer.BaseLoadBalancer  : Client: bid-clear-biddingclearing instantiated a LoadBalancer: DynamicServerListLoadBalancer:{NFLoadBalancer:name=bid-clear-biddingclearing,current list of Servers=[],Load balancer stats=Zone stats: {},Server stats: []}ServerList:null
2020-06-12 06:02:51.286  INFO 9 --- [or-http-epoll-1] c.n.l.DynamicServerListLoadBalancer      : Using serverListUpdater PollingServerListUpdater
2020-06-12 06:02:51.301  INFO 9 --- [or-http-epoll-1] com.alibaba.nacos.client.naming          : new ips(1) service: DEFAULT_GROUP@@bid-clear-biddingclearing -> [{"clusterName":"DEFAULT","enabled":true,"ephemeral":true,"healthy":true,"instanceHeartBeatInterval":5000,"instanceHeartBeatTimeOut":15000,"instanceId":"172.22.0.4#9966#DEFAULT#DEFAULT_GROUP@@bid-clear-biddingclearing","ip":"172.22.0.4","ipDeleteTimeout":30000,"metadata":{"preserved.register.source":"SPRING_CLOUD"},"port":9966,"serviceName":"DEFAULT_GROUP@@bid-clear-biddingclearing","weight":1.0}]
2020-06-12 06:02:51.304  INFO 9 --- [or-http-epoll-1] com.alibaba.nacos.client.naming          : current ips:(1) service: DEFAULT_GROUP@@bid-clear-biddingclearing -> [{"clusterName":"DEFAULT","enabled":true,"ephemeral":true,"healthy":true,"instanceHeartBeatInterval":5000,"instanceHeartBeatTimeOut":15000,"instanceId":"172.22.0.4#9966#DEFAULT#DEFAULT_GROUP@@bid-clear-biddingclearing","ip":"172.22.0.4","ipDeleteTimeout":30000,"metadata":{"preserved.register.source":"SPRING_CLOUD"},"port":9966,"serviceName":"DEFAULT_GROUP@@bid-clear-biddingclearing","weight":1.0}]
2020-06-12 06:02:51.310  INFO 9 --- [or-http-epoll-1] c.netflix.config.ChainedDynamicProperty  : Flipping property: bid-clear-biddingclearing.ribbon.ActiveConnectionsLimit to use NEXT property: niws.loadbalancer.availabilityFilteringRule.activeConnectionsLimit = 2147483647
2020-06-12 06:02:51.314  INFO 9 --- [or-http-epoll-1] c.n.l.DynamicServerListLoadBalancer      : DynamicServerListLoadBalancer for client bid-clear-biddingclearing initialized: DynamicServerListLoadBalancer:{NFLoadBalancer:name=bid-clear-biddingclearing,current list of Servers=[172.22.0.4:9966],Load balancer stats=Zone stats: {unknown=[Zone:unknown;	Instance count:1;	Active connections count: 0;	Circuit breaker tripped count: 0;	Active connections per server: 0.0;]
},Server stats: [[Server:172.22.0.4:9966;	Zone:UNKNOWN;	Total Requests:0;	Successive connection failure:0;	Total blackout seconds:0;	Last connection made:Thu Jan 01 00:00:00 GMT 1970;	First connection made: Thu Jan 01 00:00:00 GMT 1970;	Active Connections:0;	total failure count in last (1000) msecs:0;	average resp time:0.0;	90 percentile resp time:0.0;	95 percentile resp time:0.0;	min resp time:0.0;	max resp time:0.0;	stddev resp time:0.0]
]}ServerList:com.alibaba.cloud.nacos.ribbon.NacosServerList@74146520
2020-06-12 06:02:51.341  INFO 9 --- [erListUpdater-0] c.netflix.config.ChainedDynamicProperty  : Flipping property: bid-clear-gateway.ribbon.ActiveConnectionsLimit to use NEXT property: niws.loadbalancer.availabilityFilteringRule.activeConnectionsLimit = 2147483647
2020-06-12 06:02:52.291  INFO 9 --- [erListUpdater-1] c.netflix.config.ChainedDynamicProperty  : Flipping property: bid-clear-biddingclearing.ribbon.ActiveConnectionsLimit to use NEXT property: niws.loadbalancer.availabilityFilteringRule.activeConnectionsLimit = 2147483647
