
  .   ____          _            __ _ _
 /\\ / ___'_ __ _ _(_)_ __  __ _ \ \ \ \
( ( )\___ | '_ | '_| | '_ \/ _` | \ \ \ \
 \\/  ___)| |_)| | | | | || (_| |  ) ) ) )
  '  |____| .__|_| |_|_| |_\__, | / / / /
 =========|_|==============|___/=/_/_/_/
 :: Spring Boot ::        (v2.2.4.RELEASE)

2020-06-12 06:00:43.408  INFO 10 --- [           main] c.a.n.c.c.impl.LocalConfigInfoProcessor  : LOCAL_SNAPSHOT_PATH:/root/nacos/config
2020-06-12 06:00:44.169  INFO 10 --- [           main] c.a.nacos.client.config.impl.Limiter     : limitTime:5.0
2020-06-12 06:00:44.615  WARN 10 --- [           main] c.a.c.n.c.NacosPropertySourceBuilder     : Ignore the empty nacos configuration and get it based on dataId[bid-clear-log] & group[DEFAULT_GROUP]
2020-06-12 06:00:44.738  WARN 10 --- [           main] c.a.c.n.c.NacosPropertySourceBuilder     : Ignore the empty nacos configuration and get it based on dataId[bid-clear-log.properties] & group[DEFAULT_GROUP]
2020-06-12 06:00:44.754  WARN 10 --- [           main] c.a.c.n.c.NacosPropertySourceBuilder     : Ignore the empty nacos configuration and get it based on dataId[bid-clear-log-test.properties] & group[DEFAULT_GROUP]
2020-06-12 06:00:44.756  INFO 10 --- [           main] b.c.PropertySourceBootstrapConfiguration : Located property source: [BootstrapPropertySource {name='bootstrapProperties-bid-clear-log-test.properties,DEFAULT_GROUP'}, BootstrapPropertySource {name='bootstrapProperties-bid-clear-log.properties,DEFAULT_GROUP'}, BootstrapPropertySource {name='bootstrapProperties-bid-clear-log,DEFAULT_GROUP'}]
2020-06-12 06:00:44.948  INFO 10 --- [           main] c.c.t.b.LogServiceApplication            : The following profiles are active: test
2020-06-12 06:00:58.036  INFO 10 --- [           main] .s.d.r.c.RepositoryConfigurationDelegate : Multiple Spring Data modules found, entering strict repository configuration mode!
2020-06-12 06:00:58.116  INFO 10 --- [           main] .s.d.r.c.RepositoryConfigurationDelegate : Bootstrapping Spring Data Redis repositories in DEFAULT mode.
2020-06-12 06:00:58.709  INFO 10 --- [           main] .s.d.r.c.RepositoryConfigurationDelegate : Finished Spring Data repository scanning in 297ms. Found 0 Redis repository interfaces.
2020-06-12 06:01:05.581  INFO 10 --- [           main] o.s.cloud.context.scope.GenericScope     : BeanFactory id=ff3919e6-149e-3611-8616-2f8da7092ff4
2020-06-12 06:01:10.544  INFO 10 --- [           main] trationDelegate$BeanPostProcessorChecker : Bean 'org.springframework.transaction.annotation.ProxyTransactionManagementConfiguration' of type [org.springframework.transaction.annotation.ProxyTransactionManagementConfiguration] is not eligible for getting processed by all BeanPostProcessors (for example: not eligible for auto-proxying)
2020-06-12 06:01:19.835  INFO 10 --- [           main] o.s.b.w.embedded.tomcat.TomcatWebServer  : Tomcat initialized with port(s): 9965 (http)
2020-06-12 06:01:20.058  INFO 10 --- [           main] o.apache.catalina.core.StandardService   : Starting service [Tomcat]
2020-06-12 06:01:20.059  INFO 10 --- [           main] org.apache.catalina.core.StandardEngine  : Starting Servlet engine: [Apache Tomcat/9.0.30]
2020-06-12 06:01:20.843  INFO 10 --- [           main] o.a.c.c.C.[Tomcat].[localhost].[/]       : Initializing Spring embedded WebApplicationContext
2020-06-12 06:01:20.845  INFO 10 --- [           main] o.s.web.context.ContextLoader            : Root WebApplicationContext: initialization completed in 35634 ms
2020-06-12 06:01:22.622  INFO 10 --- [           main] c.a.d.s.b.a.DruidDataSourceAutoConfigure : Init DruidDataSource
2020-06-12 06:01:27.565  INFO 10 --- [           main] com.alibaba.druid.pool.DruidDataSource   : {dataSource-1} inited
 _ _   |_  _ _|_. ___ _ |    _ 
| | |\/|_)(_| | |_\  |_)||_|_\ 
     /               |         
                        3.1.2 
2020-06-12 06:01:44.187  INFO 10 --- [           main] c.c.t.biddingclearing.util.SpringUtil    : sprigUtil init success
2020-06-12 06:01:44.243  WARN 10 --- [           main] c.n.c.sources.URLConfigurationSource     : No URLs will be polled as dynamic configuration sources.
2020-06-12 06:01:44.244  INFO 10 --- [           main] c.n.c.sources.URLConfigurationSource     : To enable URLs as dynamic configuration sources, define System property archaius.configurationSource.additionalUrls or make config.properties available on classpath.
2020-06-12 06:01:44.267  WARN 10 --- [           main] c.n.c.sources.URLConfigurationSource     : No URLs will be polled as dynamic configuration sources.
2020-06-12 06:01:44.268  INFO 10 --- [           main] c.n.c.sources.URLConfigurationSource     : To enable URLs as dynamic configuration sources, define System property archaius.configurationSource.additionalUrls or make config.properties available on classpath.
2020-06-12 06:01:47.073  INFO 10 --- [           main] o.s.s.concurrent.ThreadPoolTaskExecutor  : Initializing ExecutorService 'applicationTaskExecutor'
2020-06-12 06:01:48.592  INFO 10 --- [           main] o.s.s.c.ThreadPoolTaskScheduler          : Initializing ExecutorService 'Nacso-Watch-Task-Scheduler'
2020-06-12 06:01:48.644  INFO 10 --- [           main] com.alibaba.nacos.client.naming          : initializer namespace from System Property :null
2020-06-12 06:01:48.646  INFO 10 --- [           main] com.alibaba.nacos.client.naming          : initializer namespace from System Environment :null
2020-06-12 06:01:48.647  INFO 10 --- [           main] com.alibaba.nacos.client.naming          : initializer namespace from System Property :null
2020-06-12 06:01:54.577  INFO 10 --- [           main] o.s.b.w.embedded.tomcat.TomcatWebServer  : Tomcat started on port(s): 9965 (http) with context path ''
2020-06-12 06:01:54.644  INFO 10 --- [           main] com.alibaba.nacos.client.naming          : [BEAT] adding beat: {"cluster":"DEFAULT","ip":"172.22.0.4","metadata":{"preserved.register.source":"SPRING_CLOUD"},"period":5000,"port":9965,"scheduled":false,"serviceName":"DEFAULT_GROUP@@bid-clear-log","stopped":false,"weight":1.0} to beat map.
2020-06-12 06:01:56.130  INFO 10 --- [           main] com.alibaba.nacos.client.naming          : [REGISTER-SERVICE] public registering service DEFAULT_GROUP@@bid-clear-log with instance: {"clusterName":"DEFAULT","enabled":true,"ephemeral":true,"healthy":true,"instanceHeartBeatInterval":5000,"instanceHeartBeatTimeOut":15000,"ip":"172.22.0.4","ipDeleteTimeout":30000,"metadata":{"preserved.register.source":"SPRING_CLOUD"},"port":9965,"weight":1.0}
2020-06-12 06:01:56.293  INFO 10 --- [           main] c.a.c.n.registry.NacosServiceRegistry    : nacos registry, DEFAULT_GROUP bid-clear-log 172.22.0.4:9965 register finished
2020-06-12 06:01:56.299  INFO 10 --- [           main] c.c.t.b.LogServiceApplication            : Started LogServiceApplication in 87.342 seconds (JVM running for 94.974)
2020-06-12 06:01:56.351  INFO 10 --- [           main] c.a.n.client.config.impl.ClientWorker    : [fixed-nacos_8848] [subscribe] bid-clear-log+DEFAULT_GROUP
2020-06-12 06:01:56.353  INFO 10 --- [           main] c.a.nacos.client.config.impl.CacheData   : [fixed-nacos_8848] [add-listener] ok, tenant=, dataId=bid-clear-log, group=DEFAULT_GROUP, cnt=1
2020-06-12 06:01:56.370  INFO 10 --- [           main] c.a.n.client.config.impl.ClientWorker    : [fixed-nacos_8848] [subscribe] bid-clear-log-test.properties+DEFAULT_GROUP
2020-06-12 06:01:56.370  INFO 10 --- [           main] c.a.nacos.client.config.impl.CacheData   : [fixed-nacos_8848] [add-listener] ok, tenant=, dataId=bid-clear-log-test.properties, group=DEFAULT_GROUP, cnt=1
2020-06-12 06:01:56.383  INFO 10 --- [           main] c.a.n.client.config.impl.ClientWorker    : [fixed-nacos_8848] [subscribe] bid-clear-log.properties+DEFAULT_GROUP
2020-06-12 06:01:56.384  INFO 10 --- [           main] c.a.nacos.client.config.impl.CacheData   : [fixed-nacos_8848] [add-listener] ok, tenant=, dataId=bid-clear-log.properties, group=DEFAULT_GROUP, cnt=1
